ARM GAS  /tmp/ccOKAk2O.s 			page 1


   1              		.cpu cortex-m4
   2              		.eabi_attribute 27, 1
   3              		.eabi_attribute 28, 1
   4              		.eabi_attribute 20, 1
   5              		.eabi_attribute 21, 1
   6              		.eabi_attribute 23, 3
   7              		.eabi_attribute 24, 1
   8              		.eabi_attribute 25, 1
   9              		.eabi_attribute 26, 1
  10              		.eabi_attribute 30, 1
  11              		.eabi_attribute 34, 1
  12              		.eabi_attribute 18, 4
  13              		.file	"stm32f4xx_hal_msp.c"
  14              		.text
  15              	.Ltext0:
  16              		.cfi_sections	.debug_frame
  17              		.section	.text.HAL_MspInit,"ax",%progbits
  18              		.align	1
  19              		.global	HAL_MspInit
  20              		.arch armv7e-m
  21              		.syntax unified
  22              		.thumb
  23              		.thumb_func
  24              		.fpu fpv4-sp-d16
  26              	HAL_MspInit:
  27              	.LFB130:
  28              		.file 1 "Core/Src/stm32f4xx_hal_msp.c"
   1:Core/Src/stm32f4xx_hal_msp.c **** /* USER CODE BEGIN Header */
   2:Core/Src/stm32f4xx_hal_msp.c **** /**
   3:Core/Src/stm32f4xx_hal_msp.c ****   ******************************************************************************
   4:Core/Src/stm32f4xx_hal_msp.c ****   * @file         stm32f4xx_hal_msp.c
   5:Core/Src/stm32f4xx_hal_msp.c ****   * @brief        This file provides code for the MSP Initialization
   6:Core/Src/stm32f4xx_hal_msp.c ****   *               and de-Initialization codes.
   7:Core/Src/stm32f4xx_hal_msp.c ****   ******************************************************************************
   8:Core/Src/stm32f4xx_hal_msp.c ****   * @attention
   9:Core/Src/stm32f4xx_hal_msp.c ****   *
  10:Core/Src/stm32f4xx_hal_msp.c ****   * <h2><center>&copy; Copyright (c) 2021 STMicroelectronics.
  11:Core/Src/stm32f4xx_hal_msp.c ****   * All rights reserved.</center></h2>
  12:Core/Src/stm32f4xx_hal_msp.c ****   *
  13:Core/Src/stm32f4xx_hal_msp.c ****   * This software component is licensed by ST under BSD 3-Clause license,
  14:Core/Src/stm32f4xx_hal_msp.c ****   * the "License"; You may not use this file except in compliance with the
  15:Core/Src/stm32f4xx_hal_msp.c ****   * License. You may obtain a copy of the License at:
  16:Core/Src/stm32f4xx_hal_msp.c ****   *                        opensource.org/licenses/BSD-3-Clause
  17:Core/Src/stm32f4xx_hal_msp.c ****   *
  18:Core/Src/stm32f4xx_hal_msp.c ****   ******************************************************************************
  19:Core/Src/stm32f4xx_hal_msp.c ****   */
  20:Core/Src/stm32f4xx_hal_msp.c **** /* USER CODE END Header */
  21:Core/Src/stm32f4xx_hal_msp.c **** 
  22:Core/Src/stm32f4xx_hal_msp.c **** /* Includes ------------------------------------------------------------------*/
  23:Core/Src/stm32f4xx_hal_msp.c **** #include "main.h"
  24:Core/Src/stm32f4xx_hal_msp.c **** /* USER CODE BEGIN Includes */
  25:Core/Src/stm32f4xx_hal_msp.c **** 
  26:Core/Src/stm32f4xx_hal_msp.c **** /* USER CODE END Includes */
  27:Core/Src/stm32f4xx_hal_msp.c **** 
  28:Core/Src/stm32f4xx_hal_msp.c **** /* Private typedef -----------------------------------------------------------*/
  29:Core/Src/stm32f4xx_hal_msp.c **** /* USER CODE BEGIN TD */
  30:Core/Src/stm32f4xx_hal_msp.c **** 
ARM GAS  /tmp/ccOKAk2O.s 			page 2


  31:Core/Src/stm32f4xx_hal_msp.c **** /* USER CODE END TD */
  32:Core/Src/stm32f4xx_hal_msp.c **** 
  33:Core/Src/stm32f4xx_hal_msp.c **** /* Private define ------------------------------------------------------------*/
  34:Core/Src/stm32f4xx_hal_msp.c **** /* USER CODE BEGIN Define */
  35:Core/Src/stm32f4xx_hal_msp.c **** 
  36:Core/Src/stm32f4xx_hal_msp.c **** /* USER CODE END Define */
  37:Core/Src/stm32f4xx_hal_msp.c **** 
  38:Core/Src/stm32f4xx_hal_msp.c **** /* Private macro -------------------------------------------------------------*/
  39:Core/Src/stm32f4xx_hal_msp.c **** /* USER CODE BEGIN Macro */
  40:Core/Src/stm32f4xx_hal_msp.c **** 
  41:Core/Src/stm32f4xx_hal_msp.c **** /* USER CODE END Macro */
  42:Core/Src/stm32f4xx_hal_msp.c **** 
  43:Core/Src/stm32f4xx_hal_msp.c **** /* Private variables ---------------------------------------------------------*/
  44:Core/Src/stm32f4xx_hal_msp.c **** /* USER CODE BEGIN PV */
  45:Core/Src/stm32f4xx_hal_msp.c **** 
  46:Core/Src/stm32f4xx_hal_msp.c **** /* USER CODE END PV */
  47:Core/Src/stm32f4xx_hal_msp.c **** 
  48:Core/Src/stm32f4xx_hal_msp.c **** /* Private function prototypes -----------------------------------------------*/
  49:Core/Src/stm32f4xx_hal_msp.c **** /* USER CODE BEGIN PFP */
  50:Core/Src/stm32f4xx_hal_msp.c **** 
  51:Core/Src/stm32f4xx_hal_msp.c **** /* USER CODE END PFP */
  52:Core/Src/stm32f4xx_hal_msp.c **** 
  53:Core/Src/stm32f4xx_hal_msp.c **** /* External functions --------------------------------------------------------*/
  54:Core/Src/stm32f4xx_hal_msp.c **** /* USER CODE BEGIN ExternalFunctions */
  55:Core/Src/stm32f4xx_hal_msp.c **** 
  56:Core/Src/stm32f4xx_hal_msp.c **** /* USER CODE END ExternalFunctions */
  57:Core/Src/stm32f4xx_hal_msp.c **** 
  58:Core/Src/stm32f4xx_hal_msp.c **** /* USER CODE BEGIN 0 */
  59:Core/Src/stm32f4xx_hal_msp.c **** 
  60:Core/Src/stm32f4xx_hal_msp.c **** /* USER CODE END 0 */
  61:Core/Src/stm32f4xx_hal_msp.c **** /**
  62:Core/Src/stm32f4xx_hal_msp.c ****   * Initializes the Global MSP.
  63:Core/Src/stm32f4xx_hal_msp.c ****   */
  64:Core/Src/stm32f4xx_hal_msp.c **** void HAL_MspInit(void)
  65:Core/Src/stm32f4xx_hal_msp.c **** {
  29              		.loc 1 65 1 view -0
  30              		.cfi_startproc
  31              		@ args = 0, pretend = 0, frame = 8
  32              		@ frame_needed = 0, uses_anonymous_args = 0
  33              		@ link register save eliminated.
  34 0000 82B0     		sub	sp, sp, #8
  35              	.LCFI0:
  36              		.cfi_def_cfa_offset 8
  66:Core/Src/stm32f4xx_hal_msp.c ****   /* USER CODE BEGIN MspInit 0 */
  67:Core/Src/stm32f4xx_hal_msp.c **** 
  68:Core/Src/stm32f4xx_hal_msp.c ****   /* USER CODE END MspInit 0 */
  69:Core/Src/stm32f4xx_hal_msp.c **** 
  70:Core/Src/stm32f4xx_hal_msp.c ****   __HAL_RCC_SYSCFG_CLK_ENABLE();
  37              		.loc 1 70 3 view .LVU1
  38              	.LBB2:
  39              		.loc 1 70 3 view .LVU2
  40 0002 0021     		movs	r1, #0
  41 0004 0091     		str	r1, [sp]
  42              		.loc 1 70 3 view .LVU3
  43 0006 0B4B     		ldr	r3, .L3
  44 0008 5A6C     		ldr	r2, [r3, #68]
  45 000a 42F48042 		orr	r2, r2, #16384
ARM GAS  /tmp/ccOKAk2O.s 			page 3


  46 000e 5A64     		str	r2, [r3, #68]
  47              		.loc 1 70 3 view .LVU4
  48 0010 5A6C     		ldr	r2, [r3, #68]
  49 0012 02F48042 		and	r2, r2, #16384
  50 0016 0092     		str	r2, [sp]
  51              		.loc 1 70 3 view .LVU5
  52 0018 009A     		ldr	r2, [sp]
  53              	.LBE2:
  54              		.loc 1 70 3 view .LVU6
  71:Core/Src/stm32f4xx_hal_msp.c ****   __HAL_RCC_PWR_CLK_ENABLE();
  55              		.loc 1 71 3 view .LVU7
  56              	.LBB3:
  57              		.loc 1 71 3 view .LVU8
  58 001a 0191     		str	r1, [sp, #4]
  59              		.loc 1 71 3 view .LVU9
  60 001c 1A6C     		ldr	r2, [r3, #64]
  61 001e 42F08052 		orr	r2, r2, #268435456
  62 0022 1A64     		str	r2, [r3, #64]
  63              		.loc 1 71 3 view .LVU10
  64 0024 1B6C     		ldr	r3, [r3, #64]
  65 0026 03F08053 		and	r3, r3, #268435456
  66 002a 0193     		str	r3, [sp, #4]
  67              		.loc 1 71 3 view .LVU11
  68 002c 019B     		ldr	r3, [sp, #4]
  69              	.LBE3:
  70              		.loc 1 71 3 view .LVU12
  72:Core/Src/stm32f4xx_hal_msp.c **** 
  73:Core/Src/stm32f4xx_hal_msp.c ****   /* System interrupt init*/
  74:Core/Src/stm32f4xx_hal_msp.c **** 
  75:Core/Src/stm32f4xx_hal_msp.c ****   /* USER CODE BEGIN MspInit 1 */
  76:Core/Src/stm32f4xx_hal_msp.c **** 
  77:Core/Src/stm32f4xx_hal_msp.c ****   /* USER CODE END MspInit 1 */
  78:Core/Src/stm32f4xx_hal_msp.c **** }
  71              		.loc 1 78 1 is_stmt 0 view .LVU13
  72 002e 02B0     		add	sp, sp, #8
  73              	.LCFI1:
  74              		.cfi_def_cfa_offset 0
  75              		@ sp needed
  76 0030 7047     		bx	lr
  77              	.L4:
  78 0032 00BF     		.align	2
  79              	.L3:
  80 0034 00380240 		.word	1073887232
  81              		.cfi_endproc
  82              	.LFE130:
  84              		.section	.text.HAL_CAN_MspInit,"ax",%progbits
  85              		.align	1
  86              		.global	HAL_CAN_MspInit
  87              		.syntax unified
  88              		.thumb
  89              		.thumb_func
  90              		.fpu fpv4-sp-d16
  92              	HAL_CAN_MspInit:
  93              	.LVL0:
  94              	.LFB131:
  79:Core/Src/stm32f4xx_hal_msp.c **** 
  80:Core/Src/stm32f4xx_hal_msp.c **** /**
ARM GAS  /tmp/ccOKAk2O.s 			page 4


  81:Core/Src/stm32f4xx_hal_msp.c **** * @brief CAN MSP Initialization
  82:Core/Src/stm32f4xx_hal_msp.c **** * This function configures the hardware resources used in this example
  83:Core/Src/stm32f4xx_hal_msp.c **** * @param hcan: CAN handle pointer
  84:Core/Src/stm32f4xx_hal_msp.c **** * @retval None
  85:Core/Src/stm32f4xx_hal_msp.c **** */
  86:Core/Src/stm32f4xx_hal_msp.c **** void HAL_CAN_MspInit(CAN_HandleTypeDef* hcan)
  87:Core/Src/stm32f4xx_hal_msp.c **** {
  95              		.loc 1 87 1 is_stmt 1 view -0
  96              		.cfi_startproc
  97              		@ args = 0, pretend = 0, frame = 32
  98              		@ frame_needed = 0, uses_anonymous_args = 0
  99              		.loc 1 87 1 is_stmt 0 view .LVU15
 100 0000 00B5     		push	{lr}
 101              	.LCFI2:
 102              		.cfi_def_cfa_offset 4
 103              		.cfi_offset 14, -4
 104 0002 89B0     		sub	sp, sp, #36
 105              	.LCFI3:
 106              		.cfi_def_cfa_offset 40
  88:Core/Src/stm32f4xx_hal_msp.c ****   GPIO_InitTypeDef GPIO_InitStruct = {0};
 107              		.loc 1 88 3 is_stmt 1 view .LVU16
 108              		.loc 1 88 20 is_stmt 0 view .LVU17
 109 0004 0023     		movs	r3, #0
 110 0006 0393     		str	r3, [sp, #12]
 111 0008 0493     		str	r3, [sp, #16]
 112 000a 0593     		str	r3, [sp, #20]
 113 000c 0693     		str	r3, [sp, #24]
 114 000e 0793     		str	r3, [sp, #28]
  89:Core/Src/stm32f4xx_hal_msp.c ****   if(hcan->Instance==CAN2)
 115              		.loc 1 89 3 is_stmt 1 view .LVU18
 116              		.loc 1 89 10 is_stmt 0 view .LVU19
 117 0010 0268     		ldr	r2, [r0]
 118              		.loc 1 89 5 view .LVU20
 119 0012 164B     		ldr	r3, .L9
 120 0014 9A42     		cmp	r2, r3
 121 0016 02D0     		beq	.L8
 122              	.LVL1:
 123              	.L5:
  90:Core/Src/stm32f4xx_hal_msp.c ****   {
  91:Core/Src/stm32f4xx_hal_msp.c ****   /* USER CODE BEGIN CAN2_MspInit 0 */
  92:Core/Src/stm32f4xx_hal_msp.c **** 
  93:Core/Src/stm32f4xx_hal_msp.c ****   /* USER CODE END CAN2_MspInit 0 */
  94:Core/Src/stm32f4xx_hal_msp.c ****     /* Peripheral clock enable */
  95:Core/Src/stm32f4xx_hal_msp.c ****     __HAL_RCC_CAN2_CLK_ENABLE();
  96:Core/Src/stm32f4xx_hal_msp.c **** 
  97:Core/Src/stm32f4xx_hal_msp.c ****     __HAL_RCC_GPIOB_CLK_ENABLE();
  98:Core/Src/stm32f4xx_hal_msp.c ****     /**CAN2 GPIO Configuration
  99:Core/Src/stm32f4xx_hal_msp.c ****     PB12     ------> CAN2_RX
 100:Core/Src/stm32f4xx_hal_msp.c ****     PB13     ------> CAN2_TX
 101:Core/Src/stm32f4xx_hal_msp.c ****     */
 102:Core/Src/stm32f4xx_hal_msp.c ****     GPIO_InitStruct.Pin = GPIO_PIN_12|GPIO_PIN_13;
 103:Core/Src/stm32f4xx_hal_msp.c ****     GPIO_InitStruct.Mode = GPIO_MODE_AF_PP;
 104:Core/Src/stm32f4xx_hal_msp.c ****     GPIO_InitStruct.Pull = GPIO_NOPULL;
 105:Core/Src/stm32f4xx_hal_msp.c ****     GPIO_InitStruct.Speed = GPIO_SPEED_FREQ_VERY_HIGH;
 106:Core/Src/stm32f4xx_hal_msp.c ****     GPIO_InitStruct.Alternate = GPIO_AF9_CAN2;
 107:Core/Src/stm32f4xx_hal_msp.c ****     HAL_GPIO_Init(GPIOB, &GPIO_InitStruct);
 108:Core/Src/stm32f4xx_hal_msp.c **** 
ARM GAS  /tmp/ccOKAk2O.s 			page 5


 109:Core/Src/stm32f4xx_hal_msp.c ****   /* USER CODE BEGIN CAN2_MspInit 1 */
 110:Core/Src/stm32f4xx_hal_msp.c **** 
 111:Core/Src/stm32f4xx_hal_msp.c ****   /* USER CODE END CAN2_MspInit 1 */
 112:Core/Src/stm32f4xx_hal_msp.c ****   }
 113:Core/Src/stm32f4xx_hal_msp.c **** 
 114:Core/Src/stm32f4xx_hal_msp.c **** }
 124              		.loc 1 114 1 view .LVU21
 125 0018 09B0     		add	sp, sp, #36
 126              	.LCFI4:
 127              		.cfi_remember_state
 128              		.cfi_def_cfa_offset 4
 129              		@ sp needed
 130 001a 5DF804FB 		ldr	pc, [sp], #4
 131              	.LVL2:
 132              	.L8:
 133              	.LCFI5:
 134              		.cfi_restore_state
  95:Core/Src/stm32f4xx_hal_msp.c **** 
 135              		.loc 1 95 5 is_stmt 1 view .LVU22
 136              	.LBB4:
  95:Core/Src/stm32f4xx_hal_msp.c **** 
 137              		.loc 1 95 5 view .LVU23
 138 001e 0022     		movs	r2, #0
 139 0020 0192     		str	r2, [sp, #4]
  95:Core/Src/stm32f4xx_hal_msp.c **** 
 140              		.loc 1 95 5 view .LVU24
 141 0022 03F5E833 		add	r3, r3, #118784
 142 0026 196C     		ldr	r1, [r3, #64]
 143 0028 41F08061 		orr	r1, r1, #67108864
 144 002c 1964     		str	r1, [r3, #64]
  95:Core/Src/stm32f4xx_hal_msp.c **** 
 145              		.loc 1 95 5 view .LVU25
 146 002e 196C     		ldr	r1, [r3, #64]
 147 0030 01F08061 		and	r1, r1, #67108864
 148 0034 0191     		str	r1, [sp, #4]
  95:Core/Src/stm32f4xx_hal_msp.c **** 
 149              		.loc 1 95 5 view .LVU26
 150 0036 0199     		ldr	r1, [sp, #4]
 151              	.LBE4:
  95:Core/Src/stm32f4xx_hal_msp.c **** 
 152              		.loc 1 95 5 view .LVU27
  97:Core/Src/stm32f4xx_hal_msp.c ****     /**CAN2 GPIO Configuration
 153              		.loc 1 97 5 view .LVU28
 154              	.LBB5:
  97:Core/Src/stm32f4xx_hal_msp.c ****     /**CAN2 GPIO Configuration
 155              		.loc 1 97 5 view .LVU29
 156 0038 0292     		str	r2, [sp, #8]
  97:Core/Src/stm32f4xx_hal_msp.c ****     /**CAN2 GPIO Configuration
 157              		.loc 1 97 5 view .LVU30
 158 003a 196B     		ldr	r1, [r3, #48]
 159 003c 41F00201 		orr	r1, r1, #2
 160 0040 1963     		str	r1, [r3, #48]
  97:Core/Src/stm32f4xx_hal_msp.c ****     /**CAN2 GPIO Configuration
 161              		.loc 1 97 5 view .LVU31
 162 0042 1B6B     		ldr	r3, [r3, #48]
 163 0044 03F00203 		and	r3, r3, #2
 164 0048 0293     		str	r3, [sp, #8]
ARM GAS  /tmp/ccOKAk2O.s 			page 6


  97:Core/Src/stm32f4xx_hal_msp.c ****     /**CAN2 GPIO Configuration
 165              		.loc 1 97 5 view .LVU32
 166 004a 029B     		ldr	r3, [sp, #8]
 167              	.LBE5:
  97:Core/Src/stm32f4xx_hal_msp.c ****     /**CAN2 GPIO Configuration
 168              		.loc 1 97 5 view .LVU33
 102:Core/Src/stm32f4xx_hal_msp.c ****     GPIO_InitStruct.Mode = GPIO_MODE_AF_PP;
 169              		.loc 1 102 5 view .LVU34
 102:Core/Src/stm32f4xx_hal_msp.c ****     GPIO_InitStruct.Mode = GPIO_MODE_AF_PP;
 170              		.loc 1 102 25 is_stmt 0 view .LVU35
 171 004c 4FF44053 		mov	r3, #12288
 172 0050 0393     		str	r3, [sp, #12]
 103:Core/Src/stm32f4xx_hal_msp.c ****     GPIO_InitStruct.Pull = GPIO_NOPULL;
 173              		.loc 1 103 5 is_stmt 1 view .LVU36
 103:Core/Src/stm32f4xx_hal_msp.c ****     GPIO_InitStruct.Pull = GPIO_NOPULL;
 174              		.loc 1 103 26 is_stmt 0 view .LVU37
 175 0052 0223     		movs	r3, #2
 176 0054 0493     		str	r3, [sp, #16]
 104:Core/Src/stm32f4xx_hal_msp.c ****     GPIO_InitStruct.Speed = GPIO_SPEED_FREQ_VERY_HIGH;
 177              		.loc 1 104 5 is_stmt 1 view .LVU38
 104:Core/Src/stm32f4xx_hal_msp.c ****     GPIO_InitStruct.Speed = GPIO_SPEED_FREQ_VERY_HIGH;
 178              		.loc 1 104 26 is_stmt 0 view .LVU39
 179 0056 0592     		str	r2, [sp, #20]
 105:Core/Src/stm32f4xx_hal_msp.c ****     GPIO_InitStruct.Alternate = GPIO_AF9_CAN2;
 180              		.loc 1 105 5 is_stmt 1 view .LVU40
 105:Core/Src/stm32f4xx_hal_msp.c ****     GPIO_InitStruct.Alternate = GPIO_AF9_CAN2;
 181              		.loc 1 105 27 is_stmt 0 view .LVU41
 182 0058 0323     		movs	r3, #3
 183 005a 0693     		str	r3, [sp, #24]
 106:Core/Src/stm32f4xx_hal_msp.c ****     HAL_GPIO_Init(GPIOB, &GPIO_InitStruct);
 184              		.loc 1 106 5 is_stmt 1 view .LVU42
 106:Core/Src/stm32f4xx_hal_msp.c ****     HAL_GPIO_Init(GPIOB, &GPIO_InitStruct);
 185              		.loc 1 106 31 is_stmt 0 view .LVU43
 186 005c 0923     		movs	r3, #9
 187 005e 0793     		str	r3, [sp, #28]
 107:Core/Src/stm32f4xx_hal_msp.c **** 
 188              		.loc 1 107 5 is_stmt 1 view .LVU44
 189 0060 03A9     		add	r1, sp, #12
 190 0062 0348     		ldr	r0, .L9+4
 191              	.LVL3:
 107:Core/Src/stm32f4xx_hal_msp.c **** 
 192              		.loc 1 107 5 is_stmt 0 view .LVU45
 193 0064 FFF7FEFF 		bl	HAL_GPIO_Init
 194              	.LVL4:
 195              		.loc 1 114 1 view .LVU46
 196 0068 D6E7     		b	.L5
 197              	.L10:
 198 006a 00BF     		.align	2
 199              	.L9:
 200 006c 00680040 		.word	1073768448
 201 0070 00040240 		.word	1073873920
 202              		.cfi_endproc
 203              	.LFE131:
 205              		.section	.text.HAL_CAN_MspDeInit,"ax",%progbits
 206              		.align	1
 207              		.global	HAL_CAN_MspDeInit
 208              		.syntax unified
ARM GAS  /tmp/ccOKAk2O.s 			page 7


 209              		.thumb
 210              		.thumb_func
 211              		.fpu fpv4-sp-d16
 213              	HAL_CAN_MspDeInit:
 214              	.LVL5:
 215              	.LFB132:
 115:Core/Src/stm32f4xx_hal_msp.c **** 
 116:Core/Src/stm32f4xx_hal_msp.c **** /**
 117:Core/Src/stm32f4xx_hal_msp.c **** * @brief CAN MSP De-Initialization
 118:Core/Src/stm32f4xx_hal_msp.c **** * This function freeze the hardware resources used in this example
 119:Core/Src/stm32f4xx_hal_msp.c **** * @param hcan: CAN handle pointer
 120:Core/Src/stm32f4xx_hal_msp.c **** * @retval None
 121:Core/Src/stm32f4xx_hal_msp.c **** */
 122:Core/Src/stm32f4xx_hal_msp.c **** void HAL_CAN_MspDeInit(CAN_HandleTypeDef* hcan)
 123:Core/Src/stm32f4xx_hal_msp.c **** {
 216              		.loc 1 123 1 is_stmt 1 view -0
 217              		.cfi_startproc
 218              		@ args = 0, pretend = 0, frame = 0
 219              		@ frame_needed = 0, uses_anonymous_args = 0
 220              		.loc 1 123 1 is_stmt 0 view .LVU48
 221 0000 08B5     		push	{r3, lr}
 222              	.LCFI6:
 223              		.cfi_def_cfa_offset 8
 224              		.cfi_offset 3, -8
 225              		.cfi_offset 14, -4
 124:Core/Src/stm32f4xx_hal_msp.c ****   if(hcan->Instance==CAN2)
 226              		.loc 1 124 3 is_stmt 1 view .LVU49
 227              		.loc 1 124 10 is_stmt 0 view .LVU50
 228 0002 0268     		ldr	r2, [r0]
 229              		.loc 1 124 5 view .LVU51
 230 0004 074B     		ldr	r3, .L15
 231 0006 9A42     		cmp	r2, r3
 232 0008 00D0     		beq	.L14
 233              	.LVL6:
 234              	.L11:
 125:Core/Src/stm32f4xx_hal_msp.c ****   {
 126:Core/Src/stm32f4xx_hal_msp.c ****   /* USER CODE BEGIN CAN2_MspDeInit 0 */
 127:Core/Src/stm32f4xx_hal_msp.c **** 
 128:Core/Src/stm32f4xx_hal_msp.c ****   /* USER CODE END CAN2_MspDeInit 0 */
 129:Core/Src/stm32f4xx_hal_msp.c ****     /* Peripheral clock disable */
 130:Core/Src/stm32f4xx_hal_msp.c ****     __HAL_RCC_CAN2_CLK_DISABLE();
 131:Core/Src/stm32f4xx_hal_msp.c **** 
 132:Core/Src/stm32f4xx_hal_msp.c ****     /**CAN2 GPIO Configuration
 133:Core/Src/stm32f4xx_hal_msp.c ****     PB12     ------> CAN2_RX
 134:Core/Src/stm32f4xx_hal_msp.c ****     PB13     ------> CAN2_TX
 135:Core/Src/stm32f4xx_hal_msp.c ****     */
 136:Core/Src/stm32f4xx_hal_msp.c ****     HAL_GPIO_DeInit(GPIOB, GPIO_PIN_12|GPIO_PIN_13);
 137:Core/Src/stm32f4xx_hal_msp.c **** 
 138:Core/Src/stm32f4xx_hal_msp.c ****   /* USER CODE BEGIN CAN2_MspDeInit 1 */
 139:Core/Src/stm32f4xx_hal_msp.c **** 
 140:Core/Src/stm32f4xx_hal_msp.c ****   /* USER CODE END CAN2_MspDeInit 1 */
 141:Core/Src/stm32f4xx_hal_msp.c ****   }
 142:Core/Src/stm32f4xx_hal_msp.c **** 
 143:Core/Src/stm32f4xx_hal_msp.c **** }
 235              		.loc 1 143 1 view .LVU52
 236 000a 08BD     		pop	{r3, pc}
 237              	.LVL7:
ARM GAS  /tmp/ccOKAk2O.s 			page 8


 238              	.L14:
 130:Core/Src/stm32f4xx_hal_msp.c **** 
 239              		.loc 1 130 5 is_stmt 1 view .LVU53
 240 000c 064A     		ldr	r2, .L15+4
 241 000e 136C     		ldr	r3, [r2, #64]
 242 0010 23F08063 		bic	r3, r3, #67108864
 243 0014 1364     		str	r3, [r2, #64]
 136:Core/Src/stm32f4xx_hal_msp.c **** 
 244              		.loc 1 136 5 view .LVU54
 245 0016 4FF44051 		mov	r1, #12288
 246 001a 0448     		ldr	r0, .L15+8
 247              	.LVL8:
 136:Core/Src/stm32f4xx_hal_msp.c **** 
 248              		.loc 1 136 5 is_stmt 0 view .LVU55
 249 001c FFF7FEFF 		bl	HAL_GPIO_DeInit
 250              	.LVL9:
 251              		.loc 1 143 1 view .LVU56
 252 0020 F3E7     		b	.L11
 253              	.L16:
 254 0022 00BF     		.align	2
 255              	.L15:
 256 0024 00680040 		.word	1073768448
 257 0028 00380240 		.word	1073887232
 258 002c 00040240 		.word	1073873920
 259              		.cfi_endproc
 260              	.LFE132:
 262              		.section	.text.HAL_SPI_MspInit,"ax",%progbits
 263              		.align	1
 264              		.global	HAL_SPI_MspInit
 265              		.syntax unified
 266              		.thumb
 267              		.thumb_func
 268              		.fpu fpv4-sp-d16
 270              	HAL_SPI_MspInit:
 271              	.LVL10:
 272              	.LFB133:
 144:Core/Src/stm32f4xx_hal_msp.c **** 
 145:Core/Src/stm32f4xx_hal_msp.c **** /**
 146:Core/Src/stm32f4xx_hal_msp.c **** * @brief SPI MSP Initialization
 147:Core/Src/stm32f4xx_hal_msp.c **** * This function configures the hardware resources used in this example
 148:Core/Src/stm32f4xx_hal_msp.c **** * @param hspi: SPI handle pointer
 149:Core/Src/stm32f4xx_hal_msp.c **** * @retval None
 150:Core/Src/stm32f4xx_hal_msp.c **** */
 151:Core/Src/stm32f4xx_hal_msp.c **** void HAL_SPI_MspInit(SPI_HandleTypeDef* hspi)
 152:Core/Src/stm32f4xx_hal_msp.c **** {
 273              		.loc 1 152 1 is_stmt 1 view -0
 274              		.cfi_startproc
 275              		@ args = 0, pretend = 0, frame = 32
 276              		@ frame_needed = 0, uses_anonymous_args = 0
 277              		.loc 1 152 1 is_stmt 0 view .LVU58
 278 0000 00B5     		push	{lr}
 279              	.LCFI7:
 280              		.cfi_def_cfa_offset 4
 281              		.cfi_offset 14, -4
 282 0002 89B0     		sub	sp, sp, #36
 283              	.LCFI8:
 284              		.cfi_def_cfa_offset 40
ARM GAS  /tmp/ccOKAk2O.s 			page 9


 153:Core/Src/stm32f4xx_hal_msp.c ****   GPIO_InitTypeDef GPIO_InitStruct = {0};
 285              		.loc 1 153 3 is_stmt 1 view .LVU59
 286              		.loc 1 153 20 is_stmt 0 view .LVU60
 287 0004 0023     		movs	r3, #0
 288 0006 0393     		str	r3, [sp, #12]
 289 0008 0493     		str	r3, [sp, #16]
 290 000a 0593     		str	r3, [sp, #20]
 291 000c 0693     		str	r3, [sp, #24]
 292 000e 0793     		str	r3, [sp, #28]
 154:Core/Src/stm32f4xx_hal_msp.c ****   if(hspi->Instance==SPI1)
 293              		.loc 1 154 3 is_stmt 1 view .LVU61
 294              		.loc 1 154 10 is_stmt 0 view .LVU62
 295 0010 0268     		ldr	r2, [r0]
 296              		.loc 1 154 5 view .LVU63
 297 0012 154B     		ldr	r3, .L21
 298 0014 9A42     		cmp	r2, r3
 299 0016 02D0     		beq	.L20
 300              	.LVL11:
 301              	.L17:
 155:Core/Src/stm32f4xx_hal_msp.c ****   {
 156:Core/Src/stm32f4xx_hal_msp.c ****   /* USER CODE BEGIN SPI1_MspInit 0 */
 157:Core/Src/stm32f4xx_hal_msp.c **** 
 158:Core/Src/stm32f4xx_hal_msp.c ****   /* USER CODE END SPI1_MspInit 0 */
 159:Core/Src/stm32f4xx_hal_msp.c ****     /* Peripheral clock enable */
 160:Core/Src/stm32f4xx_hal_msp.c ****     __HAL_RCC_SPI1_CLK_ENABLE();
 161:Core/Src/stm32f4xx_hal_msp.c **** 
 162:Core/Src/stm32f4xx_hal_msp.c ****     __HAL_RCC_GPIOA_CLK_ENABLE();
 163:Core/Src/stm32f4xx_hal_msp.c ****     /**SPI1 GPIO Configuration
 164:Core/Src/stm32f4xx_hal_msp.c ****     PA5     ------> SPI1_SCK
 165:Core/Src/stm32f4xx_hal_msp.c ****     PA6     ------> SPI1_MISO
 166:Core/Src/stm32f4xx_hal_msp.c ****     PA7     ------> SPI1_MOSI
 167:Core/Src/stm32f4xx_hal_msp.c ****     */
 168:Core/Src/stm32f4xx_hal_msp.c ****     GPIO_InitStruct.Pin = GPIO_PIN_5|GPIO_PIN_6|GPIO_PIN_7;
 169:Core/Src/stm32f4xx_hal_msp.c ****     GPIO_InitStruct.Mode = GPIO_MODE_AF_PP;
 170:Core/Src/stm32f4xx_hal_msp.c ****     GPIO_InitStruct.Pull = GPIO_NOPULL;
 171:Core/Src/stm32f4xx_hal_msp.c ****     GPIO_InitStruct.Speed = GPIO_SPEED_FREQ_VERY_HIGH;
 172:Core/Src/stm32f4xx_hal_msp.c ****     GPIO_InitStruct.Alternate = GPIO_AF5_SPI1;
 173:Core/Src/stm32f4xx_hal_msp.c ****     HAL_GPIO_Init(GPIOA, &GPIO_InitStruct);
 174:Core/Src/stm32f4xx_hal_msp.c **** 
 175:Core/Src/stm32f4xx_hal_msp.c ****   /* USER CODE BEGIN SPI1_MspInit 1 */
 176:Core/Src/stm32f4xx_hal_msp.c **** 
 177:Core/Src/stm32f4xx_hal_msp.c ****   /* USER CODE END SPI1_MspInit 1 */
 178:Core/Src/stm32f4xx_hal_msp.c ****   }
 179:Core/Src/stm32f4xx_hal_msp.c **** 
 180:Core/Src/stm32f4xx_hal_msp.c **** }
 302              		.loc 1 180 1 view .LVU64
 303 0018 09B0     		add	sp, sp, #36
 304              	.LCFI9:
 305              		.cfi_remember_state
 306              		.cfi_def_cfa_offset 4
 307              		@ sp needed
 308 001a 5DF804FB 		ldr	pc, [sp], #4
 309              	.LVL12:
 310              	.L20:
 311              	.LCFI10:
 312              		.cfi_restore_state
 160:Core/Src/stm32f4xx_hal_msp.c **** 
ARM GAS  /tmp/ccOKAk2O.s 			page 10


 313              		.loc 1 160 5 is_stmt 1 view .LVU65
 314              	.LBB6:
 160:Core/Src/stm32f4xx_hal_msp.c **** 
 315              		.loc 1 160 5 view .LVU66
 316 001e 0022     		movs	r2, #0
 317 0020 0192     		str	r2, [sp, #4]
 160:Core/Src/stm32f4xx_hal_msp.c **** 
 318              		.loc 1 160 5 view .LVU67
 319 0022 03F58433 		add	r3, r3, #67584
 320 0026 596C     		ldr	r1, [r3, #68]
 321 0028 41F48051 		orr	r1, r1, #4096
 322 002c 5964     		str	r1, [r3, #68]
 160:Core/Src/stm32f4xx_hal_msp.c **** 
 323              		.loc 1 160 5 view .LVU68
 324 002e 596C     		ldr	r1, [r3, #68]
 325 0030 01F48051 		and	r1, r1, #4096
 326 0034 0191     		str	r1, [sp, #4]
 160:Core/Src/stm32f4xx_hal_msp.c **** 
 327              		.loc 1 160 5 view .LVU69
 328 0036 0199     		ldr	r1, [sp, #4]
 329              	.LBE6:
 160:Core/Src/stm32f4xx_hal_msp.c **** 
 330              		.loc 1 160 5 view .LVU70
 162:Core/Src/stm32f4xx_hal_msp.c ****     /**SPI1 GPIO Configuration
 331              		.loc 1 162 5 view .LVU71
 332              	.LBB7:
 162:Core/Src/stm32f4xx_hal_msp.c ****     /**SPI1 GPIO Configuration
 333              		.loc 1 162 5 view .LVU72
 334 0038 0292     		str	r2, [sp, #8]
 162:Core/Src/stm32f4xx_hal_msp.c ****     /**SPI1 GPIO Configuration
 335              		.loc 1 162 5 view .LVU73
 336 003a 196B     		ldr	r1, [r3, #48]
 337 003c 41F00101 		orr	r1, r1, #1
 338 0040 1963     		str	r1, [r3, #48]
 162:Core/Src/stm32f4xx_hal_msp.c ****     /**SPI1 GPIO Configuration
 339              		.loc 1 162 5 view .LVU74
 340 0042 1B6B     		ldr	r3, [r3, #48]
 341 0044 03F00103 		and	r3, r3, #1
 342 0048 0293     		str	r3, [sp, #8]
 162:Core/Src/stm32f4xx_hal_msp.c ****     /**SPI1 GPIO Configuration
 343              		.loc 1 162 5 view .LVU75
 344 004a 029B     		ldr	r3, [sp, #8]
 345              	.LBE7:
 162:Core/Src/stm32f4xx_hal_msp.c ****     /**SPI1 GPIO Configuration
 346              		.loc 1 162 5 view .LVU76
 168:Core/Src/stm32f4xx_hal_msp.c ****     GPIO_InitStruct.Mode = GPIO_MODE_AF_PP;
 347              		.loc 1 168 5 view .LVU77
 168:Core/Src/stm32f4xx_hal_msp.c ****     GPIO_InitStruct.Mode = GPIO_MODE_AF_PP;
 348              		.loc 1 168 25 is_stmt 0 view .LVU78
 349 004c E023     		movs	r3, #224
 350 004e 0393     		str	r3, [sp, #12]
 169:Core/Src/stm32f4xx_hal_msp.c ****     GPIO_InitStruct.Pull = GPIO_NOPULL;
 351              		.loc 1 169 5 is_stmt 1 view .LVU79
 169:Core/Src/stm32f4xx_hal_msp.c ****     GPIO_InitStruct.Pull = GPIO_NOPULL;
 352              		.loc 1 169 26 is_stmt 0 view .LVU80
 353 0050 0223     		movs	r3, #2
 354 0052 0493     		str	r3, [sp, #16]
ARM GAS  /tmp/ccOKAk2O.s 			page 11


 170:Core/Src/stm32f4xx_hal_msp.c ****     GPIO_InitStruct.Speed = GPIO_SPEED_FREQ_VERY_HIGH;
 355              		.loc 1 170 5 is_stmt 1 view .LVU81
 170:Core/Src/stm32f4xx_hal_msp.c ****     GPIO_InitStruct.Speed = GPIO_SPEED_FREQ_VERY_HIGH;
 356              		.loc 1 170 26 is_stmt 0 view .LVU82
 357 0054 0592     		str	r2, [sp, #20]
 171:Core/Src/stm32f4xx_hal_msp.c ****     GPIO_InitStruct.Alternate = GPIO_AF5_SPI1;
 358              		.loc 1 171 5 is_stmt 1 view .LVU83
 171:Core/Src/stm32f4xx_hal_msp.c ****     GPIO_InitStruct.Alternate = GPIO_AF5_SPI1;
 359              		.loc 1 171 27 is_stmt 0 view .LVU84
 360 0056 0323     		movs	r3, #3
 361 0058 0693     		str	r3, [sp, #24]
 172:Core/Src/stm32f4xx_hal_msp.c ****     HAL_GPIO_Init(GPIOA, &GPIO_InitStruct);
 362              		.loc 1 172 5 is_stmt 1 view .LVU85
 172:Core/Src/stm32f4xx_hal_msp.c ****     HAL_GPIO_Init(GPIOA, &GPIO_InitStruct);
 363              		.loc 1 172 31 is_stmt 0 view .LVU86
 364 005a 0523     		movs	r3, #5
 365 005c 0793     		str	r3, [sp, #28]
 173:Core/Src/stm32f4xx_hal_msp.c **** 
 366              		.loc 1 173 5 is_stmt 1 view .LVU87
 367 005e 03A9     		add	r1, sp, #12
 368 0060 0248     		ldr	r0, .L21+4
 369              	.LVL13:
 173:Core/Src/stm32f4xx_hal_msp.c **** 
 370              		.loc 1 173 5 is_stmt 0 view .LVU88
 371 0062 FFF7FEFF 		bl	HAL_GPIO_Init
 372              	.LVL14:
 373              		.loc 1 180 1 view .LVU89
 374 0066 D7E7     		b	.L17
 375              	.L22:
 376              		.align	2
 377              	.L21:
 378 0068 00300140 		.word	1073819648
 379 006c 00000240 		.word	1073872896
 380              		.cfi_endproc
 381              	.LFE133:
 383              		.section	.text.HAL_SPI_MspDeInit,"ax",%progbits
 384              		.align	1
 385              		.global	HAL_SPI_MspDeInit
 386              		.syntax unified
 387              		.thumb
 388              		.thumb_func
 389              		.fpu fpv4-sp-d16
 391              	HAL_SPI_MspDeInit:
 392              	.LVL15:
 393              	.LFB134:
 181:Core/Src/stm32f4xx_hal_msp.c **** 
 182:Core/Src/stm32f4xx_hal_msp.c **** /**
 183:Core/Src/stm32f4xx_hal_msp.c **** * @brief SPI MSP De-Initialization
 184:Core/Src/stm32f4xx_hal_msp.c **** * This function freeze the hardware resources used in this example
 185:Core/Src/stm32f4xx_hal_msp.c **** * @param hspi: SPI handle pointer
 186:Core/Src/stm32f4xx_hal_msp.c **** * @retval None
 187:Core/Src/stm32f4xx_hal_msp.c **** */
 188:Core/Src/stm32f4xx_hal_msp.c **** void HAL_SPI_MspDeInit(SPI_HandleTypeDef* hspi)
 189:Core/Src/stm32f4xx_hal_msp.c **** {
 394              		.loc 1 189 1 is_stmt 1 view -0
 395              		.cfi_startproc
 396              		@ args = 0, pretend = 0, frame = 0
ARM GAS  /tmp/ccOKAk2O.s 			page 12


 397              		@ frame_needed = 0, uses_anonymous_args = 0
 398              		.loc 1 189 1 is_stmt 0 view .LVU91
 399 0000 08B5     		push	{r3, lr}
 400              	.LCFI11:
 401              		.cfi_def_cfa_offset 8
 402              		.cfi_offset 3, -8
 403              		.cfi_offset 14, -4
 190:Core/Src/stm32f4xx_hal_msp.c ****   if(hspi->Instance==SPI1)
 404              		.loc 1 190 3 is_stmt 1 view .LVU92
 405              		.loc 1 190 10 is_stmt 0 view .LVU93
 406 0002 0268     		ldr	r2, [r0]
 407              		.loc 1 190 5 view .LVU94
 408 0004 064B     		ldr	r3, .L27
 409 0006 9A42     		cmp	r2, r3
 410 0008 00D0     		beq	.L26
 411              	.LVL16:
 412              	.L23:
 191:Core/Src/stm32f4xx_hal_msp.c ****   {
 192:Core/Src/stm32f4xx_hal_msp.c ****   /* USER CODE BEGIN SPI1_MspDeInit 0 */
 193:Core/Src/stm32f4xx_hal_msp.c **** 
 194:Core/Src/stm32f4xx_hal_msp.c ****   /* USER CODE END SPI1_MspDeInit 0 */
 195:Core/Src/stm32f4xx_hal_msp.c ****     /* Peripheral clock disable */
 196:Core/Src/stm32f4xx_hal_msp.c ****     __HAL_RCC_SPI1_CLK_DISABLE();
 197:Core/Src/stm32f4xx_hal_msp.c **** 
 198:Core/Src/stm32f4xx_hal_msp.c ****     /**SPI1 GPIO Configuration
 199:Core/Src/stm32f4xx_hal_msp.c ****     PA5     ------> SPI1_SCK
 200:Core/Src/stm32f4xx_hal_msp.c ****     PA6     ------> SPI1_MISO
 201:Core/Src/stm32f4xx_hal_msp.c ****     PA7     ------> SPI1_MOSI
 202:Core/Src/stm32f4xx_hal_msp.c ****     */
 203:Core/Src/stm32f4xx_hal_msp.c ****     HAL_GPIO_DeInit(GPIOA, GPIO_PIN_5|GPIO_PIN_6|GPIO_PIN_7);
 204:Core/Src/stm32f4xx_hal_msp.c **** 
 205:Core/Src/stm32f4xx_hal_msp.c ****   /* USER CODE BEGIN SPI1_MspDeInit 1 */
 206:Core/Src/stm32f4xx_hal_msp.c **** 
 207:Core/Src/stm32f4xx_hal_msp.c ****   /* USER CODE END SPI1_MspDeInit 1 */
 208:Core/Src/stm32f4xx_hal_msp.c ****   }
 209:Core/Src/stm32f4xx_hal_msp.c **** 
 210:Core/Src/stm32f4xx_hal_msp.c **** }
 413              		.loc 1 210 1 view .LVU95
 414 000a 08BD     		pop	{r3, pc}
 415              	.LVL17:
 416              	.L26:
 196:Core/Src/stm32f4xx_hal_msp.c **** 
 417              		.loc 1 196 5 is_stmt 1 view .LVU96
 418 000c 054A     		ldr	r2, .L27+4
 419 000e 536C     		ldr	r3, [r2, #68]
 420 0010 23F48053 		bic	r3, r3, #4096
 421 0014 5364     		str	r3, [r2, #68]
 203:Core/Src/stm32f4xx_hal_msp.c **** 
 422              		.loc 1 203 5 view .LVU97
 423 0016 E021     		movs	r1, #224
 424 0018 0348     		ldr	r0, .L27+8
 425              	.LVL18:
 203:Core/Src/stm32f4xx_hal_msp.c **** 
 426              		.loc 1 203 5 is_stmt 0 view .LVU98
 427 001a FFF7FEFF 		bl	HAL_GPIO_DeInit
 428              	.LVL19:
 429              		.loc 1 210 1 view .LVU99
ARM GAS  /tmp/ccOKAk2O.s 			page 13


 430 001e F4E7     		b	.L23
 431              	.L28:
 432              		.align	2
 433              	.L27:
 434 0020 00300140 		.word	1073819648
 435 0024 00380240 		.word	1073887232
 436 0028 00000240 		.word	1073872896
 437              		.cfi_endproc
 438              	.LFE134:
 440              		.section	.text.HAL_UART_MspInit,"ax",%progbits
 441              		.align	1
 442              		.global	HAL_UART_MspInit
 443              		.syntax unified
 444              		.thumb
 445              		.thumb_func
 446              		.fpu fpv4-sp-d16
 448              	HAL_UART_MspInit:
 449              	.LVL20:
 450              	.LFB135:
 211:Core/Src/stm32f4xx_hal_msp.c **** 
 212:Core/Src/stm32f4xx_hal_msp.c **** /**
 213:Core/Src/stm32f4xx_hal_msp.c **** * @brief UART MSP Initialization
 214:Core/Src/stm32f4xx_hal_msp.c **** * This function configures the hardware resources used in this example
 215:Core/Src/stm32f4xx_hal_msp.c **** * @param huart: UART handle pointer
 216:Core/Src/stm32f4xx_hal_msp.c **** * @retval None
 217:Core/Src/stm32f4xx_hal_msp.c **** */
 218:Core/Src/stm32f4xx_hal_msp.c **** void HAL_UART_MspInit(UART_HandleTypeDef* huart)
 219:Core/Src/stm32f4xx_hal_msp.c **** {
 451              		.loc 1 219 1 is_stmt 1 view -0
 452              		.cfi_startproc
 453              		@ args = 0, pretend = 0, frame = 32
 454              		@ frame_needed = 0, uses_anonymous_args = 0
 455              		.loc 1 219 1 is_stmt 0 view .LVU101
 456 0000 00B5     		push	{lr}
 457              	.LCFI12:
 458              		.cfi_def_cfa_offset 4
 459              		.cfi_offset 14, -4
 460 0002 89B0     		sub	sp, sp, #36
 461              	.LCFI13:
 462              		.cfi_def_cfa_offset 40
 220:Core/Src/stm32f4xx_hal_msp.c ****   GPIO_InitTypeDef GPIO_InitStruct = {0};
 463              		.loc 1 220 3 is_stmt 1 view .LVU102
 464              		.loc 1 220 20 is_stmt 0 view .LVU103
 465 0004 0023     		movs	r3, #0
 466 0006 0393     		str	r3, [sp, #12]
 467 0008 0493     		str	r3, [sp, #16]
 468 000a 0593     		str	r3, [sp, #20]
 469 000c 0693     		str	r3, [sp, #24]
 470 000e 0793     		str	r3, [sp, #28]
 221:Core/Src/stm32f4xx_hal_msp.c ****   if(huart->Instance==USART6)
 471              		.loc 1 221 3 is_stmt 1 view .LVU104
 472              		.loc 1 221 11 is_stmt 0 view .LVU105
 473 0010 0268     		ldr	r2, [r0]
 474              		.loc 1 221 5 view .LVU106
 475 0012 154B     		ldr	r3, .L33
 476 0014 9A42     		cmp	r2, r3
 477 0016 02D0     		beq	.L32
ARM GAS  /tmp/ccOKAk2O.s 			page 14


 478              	.LVL21:
 479              	.L29:
 222:Core/Src/stm32f4xx_hal_msp.c ****   {
 223:Core/Src/stm32f4xx_hal_msp.c ****   /* USER CODE BEGIN USART6_MspInit 0 */
 224:Core/Src/stm32f4xx_hal_msp.c **** 
 225:Core/Src/stm32f4xx_hal_msp.c ****   /* USER CODE END USART6_MspInit 0 */
 226:Core/Src/stm32f4xx_hal_msp.c ****     /* Peripheral clock enable */
 227:Core/Src/stm32f4xx_hal_msp.c ****     __HAL_RCC_USART6_CLK_ENABLE();
 228:Core/Src/stm32f4xx_hal_msp.c **** 
 229:Core/Src/stm32f4xx_hal_msp.c ****     __HAL_RCC_GPIOC_CLK_ENABLE();
 230:Core/Src/stm32f4xx_hal_msp.c ****     /**USART6 GPIO Configuration
 231:Core/Src/stm32f4xx_hal_msp.c ****     PC6     ------> USART6_TX
 232:Core/Src/stm32f4xx_hal_msp.c ****     PC7     ------> USART6_RX
 233:Core/Src/stm32f4xx_hal_msp.c ****     */
 234:Core/Src/stm32f4xx_hal_msp.c ****     GPIO_InitStruct.Pin = GPIO_PIN_6|GPIO_PIN_7;
 235:Core/Src/stm32f4xx_hal_msp.c ****     GPIO_InitStruct.Mode = GPIO_MODE_AF_PP;
 236:Core/Src/stm32f4xx_hal_msp.c ****     GPIO_InitStruct.Pull = GPIO_NOPULL;
 237:Core/Src/stm32f4xx_hal_msp.c ****     GPIO_InitStruct.Speed = GPIO_SPEED_FREQ_VERY_HIGH;
 238:Core/Src/stm32f4xx_hal_msp.c ****     GPIO_InitStruct.Alternate = GPIO_AF8_USART6;
 239:Core/Src/stm32f4xx_hal_msp.c ****     HAL_GPIO_Init(GPIOC, &GPIO_InitStruct);
 240:Core/Src/stm32f4xx_hal_msp.c **** 
 241:Core/Src/stm32f4xx_hal_msp.c ****   /* USER CODE BEGIN USART6_MspInit 1 */
 242:Core/Src/stm32f4xx_hal_msp.c **** 
 243:Core/Src/stm32f4xx_hal_msp.c ****   /* USER CODE END USART6_MspInit 1 */
 244:Core/Src/stm32f4xx_hal_msp.c ****   }
 245:Core/Src/stm32f4xx_hal_msp.c **** 
 246:Core/Src/stm32f4xx_hal_msp.c **** }
 480              		.loc 1 246 1 view .LVU107
 481 0018 09B0     		add	sp, sp, #36
 482              	.LCFI14:
 483              		.cfi_remember_state
 484              		.cfi_def_cfa_offset 4
 485              		@ sp needed
 486 001a 5DF804FB 		ldr	pc, [sp], #4
 487              	.LVL22:
 488              	.L32:
 489              	.LCFI15:
 490              		.cfi_restore_state
 227:Core/Src/stm32f4xx_hal_msp.c **** 
 491              		.loc 1 227 5 is_stmt 1 view .LVU108
 492              	.LBB8:
 227:Core/Src/stm32f4xx_hal_msp.c **** 
 493              		.loc 1 227 5 view .LVU109
 494 001e 0022     		movs	r2, #0
 495 0020 0192     		str	r2, [sp, #4]
 227:Core/Src/stm32f4xx_hal_msp.c **** 
 496              		.loc 1 227 5 view .LVU110
 497 0022 03F59233 		add	r3, r3, #74752
 498 0026 596C     		ldr	r1, [r3, #68]
 499 0028 41F02001 		orr	r1, r1, #32
 500 002c 5964     		str	r1, [r3, #68]
 227:Core/Src/stm32f4xx_hal_msp.c **** 
 501              		.loc 1 227 5 view .LVU111
 502 002e 596C     		ldr	r1, [r3, #68]
 503 0030 01F02001 		and	r1, r1, #32
 504 0034 0191     		str	r1, [sp, #4]
 227:Core/Src/stm32f4xx_hal_msp.c **** 
ARM GAS  /tmp/ccOKAk2O.s 			page 15


 505              		.loc 1 227 5 view .LVU112
 506 0036 0199     		ldr	r1, [sp, #4]
 507              	.LBE8:
 227:Core/Src/stm32f4xx_hal_msp.c **** 
 508              		.loc 1 227 5 view .LVU113
 229:Core/Src/stm32f4xx_hal_msp.c ****     /**USART6 GPIO Configuration
 509              		.loc 1 229 5 view .LVU114
 510              	.LBB9:
 229:Core/Src/stm32f4xx_hal_msp.c ****     /**USART6 GPIO Configuration
 511              		.loc 1 229 5 view .LVU115
 512 0038 0292     		str	r2, [sp, #8]
 229:Core/Src/stm32f4xx_hal_msp.c ****     /**USART6 GPIO Configuration
 513              		.loc 1 229 5 view .LVU116
 514 003a 196B     		ldr	r1, [r3, #48]
 515 003c 41F00401 		orr	r1, r1, #4
 516 0040 1963     		str	r1, [r3, #48]
 229:Core/Src/stm32f4xx_hal_msp.c ****     /**USART6 GPIO Configuration
 517              		.loc 1 229 5 view .LVU117
 518 0042 1B6B     		ldr	r3, [r3, #48]
 519 0044 03F00403 		and	r3, r3, #4
 520 0048 0293     		str	r3, [sp, #8]
 229:Core/Src/stm32f4xx_hal_msp.c ****     /**USART6 GPIO Configuration
 521              		.loc 1 229 5 view .LVU118
 522 004a 029B     		ldr	r3, [sp, #8]
 523              	.LBE9:
 229:Core/Src/stm32f4xx_hal_msp.c ****     /**USART6 GPIO Configuration
 524              		.loc 1 229 5 view .LVU119
 234:Core/Src/stm32f4xx_hal_msp.c ****     GPIO_InitStruct.Mode = GPIO_MODE_AF_PP;
 525              		.loc 1 234 5 view .LVU120
 234:Core/Src/stm32f4xx_hal_msp.c ****     GPIO_InitStruct.Mode = GPIO_MODE_AF_PP;
 526              		.loc 1 234 25 is_stmt 0 view .LVU121
 527 004c C023     		movs	r3, #192
 528 004e 0393     		str	r3, [sp, #12]
 235:Core/Src/stm32f4xx_hal_msp.c ****     GPIO_InitStruct.Pull = GPIO_NOPULL;
 529              		.loc 1 235 5 is_stmt 1 view .LVU122
 235:Core/Src/stm32f4xx_hal_msp.c ****     GPIO_InitStruct.Pull = GPIO_NOPULL;
 530              		.loc 1 235 26 is_stmt 0 view .LVU123
 531 0050 0223     		movs	r3, #2
 532 0052 0493     		str	r3, [sp, #16]
 236:Core/Src/stm32f4xx_hal_msp.c ****     GPIO_InitStruct.Speed = GPIO_SPEED_FREQ_VERY_HIGH;
 533              		.loc 1 236 5 is_stmt 1 view .LVU124
 236:Core/Src/stm32f4xx_hal_msp.c ****     GPIO_InitStruct.Speed = GPIO_SPEED_FREQ_VERY_HIGH;
 534              		.loc 1 236 26 is_stmt 0 view .LVU125
 535 0054 0592     		str	r2, [sp, #20]
 237:Core/Src/stm32f4xx_hal_msp.c ****     GPIO_InitStruct.Alternate = GPIO_AF8_USART6;
 536              		.loc 1 237 5 is_stmt 1 view .LVU126
 237:Core/Src/stm32f4xx_hal_msp.c ****     GPIO_InitStruct.Alternate = GPIO_AF8_USART6;
 537              		.loc 1 237 27 is_stmt 0 view .LVU127
 538 0056 0323     		movs	r3, #3
 539 0058 0693     		str	r3, [sp, #24]
 238:Core/Src/stm32f4xx_hal_msp.c ****     HAL_GPIO_Init(GPIOC, &GPIO_InitStruct);
 540              		.loc 1 238 5 is_stmt 1 view .LVU128
 238:Core/Src/stm32f4xx_hal_msp.c ****     HAL_GPIO_Init(GPIOC, &GPIO_InitStruct);
 541              		.loc 1 238 31 is_stmt 0 view .LVU129
 542 005a 0823     		movs	r3, #8
 543 005c 0793     		str	r3, [sp, #28]
 239:Core/Src/stm32f4xx_hal_msp.c **** 
ARM GAS  /tmp/ccOKAk2O.s 			page 16


 544              		.loc 1 239 5 is_stmt 1 view .LVU130
 545 005e 03A9     		add	r1, sp, #12
 546 0060 0248     		ldr	r0, .L33+4
 547              	.LVL23:
 239:Core/Src/stm32f4xx_hal_msp.c **** 
 548              		.loc 1 239 5 is_stmt 0 view .LVU131
 549 0062 FFF7FEFF 		bl	HAL_GPIO_Init
 550              	.LVL24:
 551              		.loc 1 246 1 view .LVU132
 552 0066 D7E7     		b	.L29
 553              	.L34:
 554              		.align	2
 555              	.L33:
 556 0068 00140140 		.word	1073812480
 557 006c 00080240 		.word	1073874944
 558              		.cfi_endproc
 559              	.LFE135:
 561              		.section	.text.HAL_UART_MspDeInit,"ax",%progbits
 562              		.align	1
 563              		.global	HAL_UART_MspDeInit
 564              		.syntax unified
 565              		.thumb
 566              		.thumb_func
 567              		.fpu fpv4-sp-d16
 569              	HAL_UART_MspDeInit:
 570              	.LVL25:
 571              	.LFB136:
 247:Core/Src/stm32f4xx_hal_msp.c **** 
 248:Core/Src/stm32f4xx_hal_msp.c **** /**
 249:Core/Src/stm32f4xx_hal_msp.c **** * @brief UART MSP De-Initialization
 250:Core/Src/stm32f4xx_hal_msp.c **** * This function freeze the hardware resources used in this example
 251:Core/Src/stm32f4xx_hal_msp.c **** * @param huart: UART handle pointer
 252:Core/Src/stm32f4xx_hal_msp.c **** * @retval None
 253:Core/Src/stm32f4xx_hal_msp.c **** */
 254:Core/Src/stm32f4xx_hal_msp.c **** void HAL_UART_MspDeInit(UART_HandleTypeDef* huart)
 255:Core/Src/stm32f4xx_hal_msp.c **** {
 572              		.loc 1 255 1 is_stmt 1 view -0
 573              		.cfi_startproc
 574              		@ args = 0, pretend = 0, frame = 0
 575              		@ frame_needed = 0, uses_anonymous_args = 0
 576              		.loc 1 255 1 is_stmt 0 view .LVU134
 577 0000 08B5     		push	{r3, lr}
 578              	.LCFI16:
 579              		.cfi_def_cfa_offset 8
 580              		.cfi_offset 3, -8
 581              		.cfi_offset 14, -4
 256:Core/Src/stm32f4xx_hal_msp.c ****   if(huart->Instance==USART6)
 582              		.loc 1 256 3 is_stmt 1 view .LVU135
 583              		.loc 1 256 11 is_stmt 0 view .LVU136
 584 0002 0268     		ldr	r2, [r0]
 585              		.loc 1 256 5 view .LVU137
 586 0004 064B     		ldr	r3, .L39
 587 0006 9A42     		cmp	r2, r3
 588 0008 00D0     		beq	.L38
 589              	.LVL26:
 590              	.L35:
 257:Core/Src/stm32f4xx_hal_msp.c ****   {
ARM GAS  /tmp/ccOKAk2O.s 			page 17


 258:Core/Src/stm32f4xx_hal_msp.c ****   /* USER CODE BEGIN USART6_MspDeInit 0 */
 259:Core/Src/stm32f4xx_hal_msp.c **** 
 260:Core/Src/stm32f4xx_hal_msp.c ****   /* USER CODE END USART6_MspDeInit 0 */
 261:Core/Src/stm32f4xx_hal_msp.c ****     /* Peripheral clock disable */
 262:Core/Src/stm32f4xx_hal_msp.c ****     __HAL_RCC_USART6_CLK_DISABLE();
 263:Core/Src/stm32f4xx_hal_msp.c **** 
 264:Core/Src/stm32f4xx_hal_msp.c ****     /**USART6 GPIO Configuration
 265:Core/Src/stm32f4xx_hal_msp.c ****     PC6     ------> USART6_TX
 266:Core/Src/stm32f4xx_hal_msp.c ****     PC7     ------> USART6_RX
 267:Core/Src/stm32f4xx_hal_msp.c ****     */
 268:Core/Src/stm32f4xx_hal_msp.c ****     HAL_GPIO_DeInit(GPIOC, GPIO_PIN_6|GPIO_PIN_7);
 269:Core/Src/stm32f4xx_hal_msp.c **** 
 270:Core/Src/stm32f4xx_hal_msp.c ****   /* USER CODE BEGIN USART6_MspDeInit 1 */
 271:Core/Src/stm32f4xx_hal_msp.c **** 
 272:Core/Src/stm32f4xx_hal_msp.c ****   /* USER CODE END USART6_MspDeInit 1 */
 273:Core/Src/stm32f4xx_hal_msp.c ****   }
 274:Core/Src/stm32f4xx_hal_msp.c **** 
 275:Core/Src/stm32f4xx_hal_msp.c **** }
 591              		.loc 1 275 1 view .LVU138
 592 000a 08BD     		pop	{r3, pc}
 593              	.LVL27:
 594              	.L38:
 262:Core/Src/stm32f4xx_hal_msp.c **** 
 595              		.loc 1 262 5 is_stmt 1 view .LVU139
 596 000c 054A     		ldr	r2, .L39+4
 597 000e 536C     		ldr	r3, [r2, #68]
 598 0010 23F02003 		bic	r3, r3, #32
 599 0014 5364     		str	r3, [r2, #68]
 268:Core/Src/stm32f4xx_hal_msp.c **** 
 600              		.loc 1 268 5 view .LVU140
 601 0016 C021     		movs	r1, #192
 602 0018 0348     		ldr	r0, .L39+8
 603              	.LVL28:
 268:Core/Src/stm32f4xx_hal_msp.c **** 
 604              		.loc 1 268 5 is_stmt 0 view .LVU141
 605 001a FFF7FEFF 		bl	HAL_GPIO_DeInit
 606              	.LVL29:
 607              		.loc 1 275 1 view .LVU142
 608 001e F4E7     		b	.L35
 609              	.L40:
 610              		.align	2
 611              	.L39:
 612 0020 00140140 		.word	1073812480
 613 0024 00380240 		.word	1073887232
 614 0028 00080240 		.word	1073874944
 615              		.cfi_endproc
 616              	.LFE136:
 618              		.text
 619              	.Letext0:
 620              		.file 2 "/usr/lib/gcc/arm-none-eabi/9.2.1/include/stdint.h"
 621              		.file 3 "Drivers/CMSIS/Include/core_cm4.h"
 622              		.file 4 "Drivers/CMSIS/Device/ST/STM32F4xx/Include/system_stm32f4xx.h"
 623              		.file 5 "Drivers/CMSIS/Device/ST/STM32F4xx/Include/stm32f413xx.h"
 624              		.file 6 "Drivers/CMSIS/Device/ST/STM32F4xx/Include/stm32f4xx.h"
 625              		.file 7 "Drivers/STM32F4xx_HAL_Driver/Inc/stm32f4xx_hal_def.h"
 626              		.file 8 "Drivers/STM32F4xx_HAL_Driver/Inc/stm32f4xx_hal_gpio.h"
 627              		.file 9 "Drivers/STM32F4xx_HAL_Driver/Inc/stm32f4xx_hal_dma.h"
ARM GAS  /tmp/ccOKAk2O.s 			page 18


 628              		.file 10 "Drivers/STM32F4xx_HAL_Driver/Inc/stm32f4xx_hal_can.h"
 629              		.file 11 "Drivers/STM32F4xx_HAL_Driver/Inc/stm32f4xx_hal_spi.h"
 630              		.file 12 "Drivers/STM32F4xx_HAL_Driver/Inc/stm32f4xx_hal_uart.h"
 631              		.file 13 "Drivers/STM32F4xx_HAL_Driver/Inc/stm32f4xx_hal.h"
ARM GAS  /tmp/ccOKAk2O.s 			page 19


DEFINED SYMBOLS
                            *ABS*:0000000000000000 stm32f4xx_hal_msp.c
     /tmp/ccOKAk2O.s:18     .text.HAL_MspInit:0000000000000000 $t
     /tmp/ccOKAk2O.s:26     .text.HAL_MspInit:0000000000000000 HAL_MspInit
     /tmp/ccOKAk2O.s:80     .text.HAL_MspInit:0000000000000034 $d
     /tmp/ccOKAk2O.s:85     .text.HAL_CAN_MspInit:0000000000000000 $t
     /tmp/ccOKAk2O.s:92     .text.HAL_CAN_MspInit:0000000000000000 HAL_CAN_MspInit
     /tmp/ccOKAk2O.s:200    .text.HAL_CAN_MspInit:000000000000006c $d
     /tmp/ccOKAk2O.s:206    .text.HAL_CAN_MspDeInit:0000000000000000 $t
     /tmp/ccOKAk2O.s:213    .text.HAL_CAN_MspDeInit:0000000000000000 HAL_CAN_MspDeInit
     /tmp/ccOKAk2O.s:256    .text.HAL_CAN_MspDeInit:0000000000000024 $d
     /tmp/ccOKAk2O.s:263    .text.HAL_SPI_MspInit:0000000000000000 $t
     /tmp/ccOKAk2O.s:270    .text.HAL_SPI_MspInit:0000000000000000 HAL_SPI_MspInit
     /tmp/ccOKAk2O.s:378    .text.HAL_SPI_MspInit:0000000000000068 $d
     /tmp/ccOKAk2O.s:384    .text.HAL_SPI_MspDeInit:0000000000000000 $t
     /tmp/ccOKAk2O.s:391    .text.HAL_SPI_MspDeInit:0000000000000000 HAL_SPI_MspDeInit
     /tmp/ccOKAk2O.s:434    .text.HAL_SPI_MspDeInit:0000000000000020 $d
     /tmp/ccOKAk2O.s:441    .text.HAL_UART_MspInit:0000000000000000 $t
     /tmp/ccOKAk2O.s:448    .text.HAL_UART_MspInit:0000000000000000 HAL_UART_MspInit
     /tmp/ccOKAk2O.s:556    .text.HAL_UART_MspInit:0000000000000068 $d
     /tmp/ccOKAk2O.s:562    .text.HAL_UART_MspDeInit:0000000000000000 $t
     /tmp/ccOKAk2O.s:569    .text.HAL_UART_MspDeInit:0000000000000000 HAL_UART_MspDeInit
     /tmp/ccOKAk2O.s:612    .text.HAL_UART_MspDeInit:0000000000000020 $d

UNDEFINED SYMBOLS
HAL_GPIO_Init
HAL_GPIO_DeInit
